[ 2025-07-14 12:24:21,327 ] 42 root - INFO - Processing 1 URLs
[ 2025-07-14 12:24:21,327 ] 10 root - INFO - Loading model: facebook/bart-large-cnn
[ 2025-07-14 12:24:28,976 ] 12 root - INFO - Model loaded successfully
[ 2025-07-14 12:24:28,976 ] 17 root - INFO - Starting web scraping pipeline
[ 2025-07-14 12:24:28,976 ] 20 root - INFO - Fetching page: https://timesofindia.indiatimes.com/home/headlines
[ 2025-07-14 12:24:29,251 ] 23 root - INFO - Page fetched successfully
[ 2025-07-14 12:24:29,252 ] 32 root - INFO - Parsing headlines from HTML content
[ 2025-07-14 12:24:29,312 ] 58 root - INFO - Parsed 5 unique headlines
[ 2025-07-14 12:24:29,312 ] 117 root - INFO - Data saved to data/headlines_20250714_122429.json
[ 2025-07-14 12:24:29,312 ] 20 root - INFO - Summarizing 5 headlines
[ 2025-07-14 12:24:35,543 ] 37 root - INFO - Summary generated successfully
[ 2025-07-14 12:24:35,544 ] 47 root - INFO - Summarizing individual news articles
[ 2025-07-14 12:24:35,544 ] 68 root - INFO - Fetching article content from: https://timesofindia.indiatimes.com/auto/news/fastag-users-alert-you-may-risk-blacklisting-over-this-common-mistake/articleshow/122430320.cms
[ 2025-07-14 12:24:35,637 ] 92 root - INFO - Article content extracted successfully
[ 2025-07-14 12:24:41,019 ] 68 root - INFO - Fetching article content from: https://timesofindia.indiatimes.com/education/news/schools-in-nuh-district-of-haryana-closed-today-heres-why/articleshow/122430064.cms
[ 2025-07-14 12:24:41,110 ] 92 root - INFO - Article content extracted successfully
[ 2025-07-14 12:24:46,458 ] 68 root - INFO - Fetching article content from: https://timesofindia.indiatimes.com/videos/news/punjab-govt-plotted-nabha-jailbreak-alleges-amarinder-singh/videoshow/55649797.cms
[ 2025-07-14 12:24:46,640 ] 92 root - INFO - Article content extracted successfully
[ 2025-07-14 12:24:52,276 ] 68 root - INFO - Fetching article content from: https://timesofindia.indiatimes.com/videos/news/jitendra-singh-slams-farooq-abdullah-over-his-controversial-remarks-on-pok/videoshow/55649791.cms
[ 2025-07-14 12:24:52,462 ] 92 root - INFO - Article content extracted successfully
[ 2025-07-14 12:24:57,234 ] 68 root - INFO - Fetching article content from: https://timesofindia.indiatimes.com/videos/news/punjab-jailbreak-woman-killed-after-police-open-fire-at-vehicle-that-jumped-security-barricade/videoshow/55650435.cms
[ 2025-07-14 12:24:57,435 ] 92 root - INFO - Article content extracted successfully
[ 2025-07-14 12:25:05,077 ] 83 root - INFO - Individual articles summarized successfully
[ 2025-07-14 12:25:05,078 ] 117 root - INFO - Data saved to data/headlines_20250714_122505.json
[ 2025-07-14 12:25:05,078 ] 46 root - INFO - Pipeline completed successfully
[ 2025-07-14 12:25:05,078 ] 59 root - INFO - Successfully processed https://timesofindia.indiatimes.com/home/headlines
