[ 2025-07-14 20:46:16,072 ] 48 root - INFO - Processing 1 URLs
[ 2025-07-14 20:46:16,072 ] 10 root - INFO - Loading model: facebook/bart-large-cnn
[ 2025-07-14 20:46:23,936 ] 12 root - INFO - Model loaded successfully
[ 2025-07-14 20:46:23,936 ] 17 root - INFO - Starting web scraping pipeline
[ 2025-07-14 20:46:23,936 ] 20 root - INFO - Fetching page: https://www.amazon.in/?&tag=googhydrabk1-21&ref=pd_sl_5szpgfto9i_e&adgrpid=155259813593&hvpone=&hvptwo=&hvadid=763039729888&hvpos=&hvnetw=g&hvrand=9347521327247339771&hvqmt=e&hvdev=c&hvdvcmdl=&hvlocint=&hvlocphy=9061722&hvtargid=kwd-64107830&hydadcr=14452_2423443&gad_source=1
[ 2025-07-14 20:46:24,409 ] 23 root - INFO - Page fetched successfully
[ 2025-07-14 20:46:24,410 ] 32 root - INFO - Parsing headlines from HTML content
[ 2025-07-14 20:46:24,430 ] 58 root - INFO - Parsed 0 unique headlines
[ 2025-07-14 20:46:24,433 ] 117 root - INFO - Data saved to data/headlines_20250714_204624.json
[ 2025-07-14 20:46:24,433 ] 20 root - INFO - Summarizing 0 headlines
[ 2025-07-14 20:46:29,800 ] 37 root - INFO - Summary generated successfully
[ 2025-07-14 20:46:29,800 ] 47 root - INFO - Summarizing individual news articles
[ 2025-07-14 20:46:29,800 ] 83 root - INFO - Individual articles summarized successfully
[ 2025-07-14 20:46:29,800 ] 117 root - INFO - Data saved to data/headlines_20250714_204629.json
[ 2025-07-14 20:46:29,800 ] 46 root - INFO - Pipeline completed successfully
[ 2025-07-14 20:46:29,802 ] 76 root - INFO - Successfully processed https://www.amazon.in/?&tag=googhydrabk1-21&ref=pd_sl_5szpgfto9i_e&adgrpid=155259813593&hvpone=&hvptwo=&hvadid=763039729888&hvpos=&hvnetw=g&hvrand=9347521327247339771&hvqmt=e&hvdev=c&hvdvcmdl=&hvlocint=&hvlocphy=9061722&hvtargid=kwd-64107830&hydadcr=14452_2423443&gad_source=1
[ 2025-07-14 20:47:14,079 ] 48 root - INFO - Processing 1 URLs
[ 2025-07-14 20:47:14,080 ] 10 root - INFO - Loading model: facebook/bart-large-cnn
[ 2025-07-14 20:47:22,022 ] 12 root - INFO - Model loaded successfully
[ 2025-07-14 20:47:22,022 ] 17 root - INFO - Starting web scraping pipeline
[ 2025-07-14 20:47:22,022 ] 20 root - INFO - Fetching page: https://www.cnbc.com/world/?region=world
[ 2025-07-14 20:47:22,849 ] 23 root - INFO - Page fetched successfully
[ 2025-07-14 20:47:22,851 ] 32 root - INFO - Parsing headlines from HTML content
[ 2025-07-14 20:47:22,891 ] 58 root - INFO - Parsed 1 unique headlines
[ 2025-07-14 20:47:22,895 ] 117 root - INFO - Data saved to data/headlines_20250714_204722.json
[ 2025-07-14 20:47:22,895 ] 20 root - INFO - Summarizing 1 headlines
[ 2025-07-14 20:47:28,497 ] 37 root - INFO - Summary generated successfully
[ 2025-07-14 20:47:28,497 ] 47 root - INFO - Summarizing individual news articles
[ 2025-07-14 20:47:28,497 ] 68 root - INFO - Fetching article content from: https://www.cnbc.com/pro/news/
[ 2025-07-14 20:47:29,281 ] 92 root - INFO - Article content extracted successfully
[ 2025-07-14 20:47:33,376 ] 83 root - INFO - Individual articles summarized successfully
[ 2025-07-14 20:47:33,377 ] 117 root - INFO - Data saved to data/headlines_20250714_204733.json
[ 2025-07-14 20:47:33,377 ] 46 root - INFO - Pipeline completed successfully
[ 2025-07-14 20:47:33,380 ] 76 root - INFO - Successfully processed https://www.cnbc.com/world/?region=world
[ 2025-07-14 20:48:12,356 ] 48 root - INFO - Processing 1 URLs
[ 2025-07-14 20:48:12,356 ] 10 root - INFO - Loading model: facebook/bart-large-cnn
[ 2025-07-14 20:48:19,926 ] 12 root - INFO - Model loaded successfully
[ 2025-07-14 20:48:19,927 ] 17 root - INFO - Starting web scraping pipeline
[ 2025-07-14 20:48:19,927 ] 20 root - INFO - Fetching page: https://www.cnbc.com/2025/07/14/elon-musk-says-he-does-not-support-a-merger-between-tesla-and-xai.html
[ 2025-07-14 20:48:20,449 ] 23 root - INFO - Page fetched successfully
[ 2025-07-14 20:48:20,451 ] 32 root - INFO - Parsing headlines from HTML content
[ 2025-07-14 20:48:20,466 ] 58 root - INFO - Parsed 0 unique headlines
[ 2025-07-14 20:48:20,467 ] 117 root - INFO - Data saved to data/headlines_20250714_204820.json
[ 2025-07-14 20:48:20,467 ] 20 root - INFO - Summarizing 0 headlines
[ 2025-07-14 20:48:26,682 ] 37 root - INFO - Summary generated successfully
[ 2025-07-14 20:48:26,683 ] 47 root - INFO - Summarizing individual news articles
[ 2025-07-14 20:48:26,683 ] 83 root - INFO - Individual articles summarized successfully
[ 2025-07-14 20:48:26,685 ] 117 root - INFO - Data saved to data/headlines_20250714_204826.json
[ 2025-07-14 20:48:26,685 ] 46 root - INFO - Pipeline completed successfully
[ 2025-07-14 20:48:26,688 ] 76 root - INFO - Successfully processed https://www.cnbc.com/2025/07/14/elon-musk-says-he-does-not-support-a-merger-between-tesla-and-xai.html
[ 2025-07-14 20:49:58,753 ] 48 root - INFO - Processing 1 URLs
[ 2025-07-14 20:49:58,753 ] 10 root - INFO - Loading model: facebook/bart-large-cnn
[ 2025-07-14 20:50:07,045 ] 12 root - INFO - Model loaded successfully
[ 2025-07-14 20:50:07,045 ] 17 root - INFO - Starting web scraping pipeline
[ 2025-07-14 20:50:07,045 ] 20 root - INFO - Fetching page: https://www.linkedin.com/company/cnbs/
[ 2025-07-14 20:50:08,059 ] 23 root - INFO - Page fetched successfully
[ 2025-07-14 20:50:08,060 ] 32 root - INFO - Parsing headlines from HTML content
[ 2025-07-14 20:50:08,109 ] 58 root - INFO - Parsed 0 unique headlines
[ 2025-07-14 20:50:08,110 ] 117 root - INFO - Data saved to data/headlines_20250714_205008.json
[ 2025-07-14 20:50:08,110 ] 20 root - INFO - Summarizing 0 headlines
[ 2025-07-14 20:50:13,642 ] 37 root - INFO - Summary generated successfully
[ 2025-07-14 20:50:13,643 ] 47 root - INFO - Summarizing individual news articles
[ 2025-07-14 20:50:13,643 ] 83 root - INFO - Individual articles summarized successfully
[ 2025-07-14 20:50:13,643 ] 117 root - INFO - Data saved to data/headlines_20250714_205013.json
[ 2025-07-14 20:50:13,643 ] 46 root - INFO - Pipeline completed successfully
[ 2025-07-14 20:50:13,646 ] 76 root - INFO - Successfully processed https://www.linkedin.com/company/cnbs/
