[ 2025-07-14 20:54:03,261 ] 48 root - INFO - Processing 1 URLs
[ 2025-07-14 20:54:03,261 ] 10 root - INFO - Loading model: facebook/bart-large-cnn
[ 2025-07-14 20:54:11,280 ] 12 root - INFO - Model loaded successfully
[ 2025-07-14 20:54:11,280 ] 17 root - INFO - Starting web scraping pipeline
[ 2025-07-14 20:54:11,280 ] 20 root - INFO - Fetching page: https://www.linkedin.com/company/cnbs/
[ 2025-07-14 20:54:12,398 ] 23 root - INFO - Page fetched successfully
[ 2025-07-14 20:54:12,402 ] 36 root - INFO - Extracting general summary from HTML content
[ 2025-07-14 20:54:12,472 ] 81 root - INFO - General summary extracted successfully
[ 2025-07-14 20:54:12,474 ] 156 root - INFO - Data saved to data/summary_20250714_205412.json
[ 2025-07-14 20:54:12,474 ] 24 root - INFO - Generating overall website summary from extracted data.
[ 2025-07-14 20:54:21,855 ] 56 root - INFO - Overall website summary generated successfully
[ 2025-07-14 20:54:21,855 ] 70 root - INFO - Summarizing individual prominent text blocks. Found 4 blocks.
[ 2025-07-14 20:54:21,855 ] 110 root - INFO - Individual prominent text blocks summarized successfully
[ 2025-07-14 20:54:21,856 ] 156 root - INFO - Data saved to data/summary_20250714_205421.json
[ 2025-07-14 20:54:21,856 ] 46 root - INFO - Pipeline completed successfully
[ 2025-07-14 20:54:21,856 ] 76 root - INFO - Successfully processed https://www.linkedin.com/company/cnbs/
[ 2025-07-14 20:55:20,264 ] 48 root - INFO - Processing 1 URLs
[ 2025-07-14 20:55:20,265 ] 10 root - INFO - Loading model: facebook/bart-large-cnn
[ 2025-07-14 20:55:28,318 ] 12 root - INFO - Model loaded successfully
[ 2025-07-14 20:55:28,318 ] 17 root - INFO - Starting web scraping pipeline
[ 2025-07-14 20:55:28,318 ] 20 root - INFO - Fetching page: https://timesofindia.indiatimes.com/sports/cricket/ind-vs-eng-live-score-today-cricket-match-india-vs-england-3rd-test-match-day-5-scorecard-kl-rahul-rishbah-pant-jofra-archer/liveblog/122432486.cms
[ 2025-07-14 20:55:28,543 ] 23 root - INFO - Page fetched successfully
[ 2025-07-14 20:55:28,544 ] 36 root - INFO - Extracting general summary from HTML content
[ 2025-07-14 20:55:28,605 ] 81 root - INFO - General summary extracted successfully
[ 2025-07-14 20:55:28,606 ] 156 root - INFO - Data saved to data/summary_20250714_205528.json
[ 2025-07-14 20:55:28,606 ] 24 root - INFO - Generating overall website summary from extracted data.
[ 2025-07-14 20:55:35,781 ] 56 root - INFO - Overall website summary generated successfully
[ 2025-07-14 20:55:35,782 ] 70 root - INFO - Summarizing individual prominent text blocks. Found 4 blocks.
[ 2025-07-14 20:55:35,782 ] 110 root - INFO - Individual prominent text blocks summarized successfully
[ 2025-07-14 20:55:35,783 ] 156 root - INFO - Data saved to data/summary_20250714_205535.json
[ 2025-07-14 20:55:35,783 ] 46 root - INFO - Pipeline completed successfully
[ 2025-07-14 20:55:35,784 ] 76 root - INFO - Successfully processed https://timesofindia.indiatimes.com/sports/cricket/ind-vs-eng-live-score-today-cricket-match-india-vs-england-3rd-test-match-day-5-scorecard-kl-rahul-rishbah-pant-jofra-archer/liveblog/122432486.cms
[ 2025-07-14 20:57:47,836 ] 48 root - INFO - Processing 4 URLs
[ 2025-07-14 20:57:47,836 ] 10 root - INFO - Loading model: facebook/bart-large-cnn
[ 2025-07-14 20:57:56,398 ] 12 root - INFO - Model loaded successfully
[ 2025-07-14 20:57:56,398 ] 17 root - INFO - Starting web scraping pipeline
[ 2025-07-14 20:57:56,399 ] 20 root - INFO - Fetching page: https://timesofindia.indiatimes.com/sports/cricket/ind-vs-eng-live-score-today-cricket-match-india-vs-england-3rd-test-match-day-5-scorecard-kl-rahul-rishbah-pant-jofra-archer/liveblog/122432486.cms
[ 2025-07-14 20:57:56,545 ] 23 root - INFO - Page fetched successfully
[ 2025-07-14 20:57:56,547 ] 36 root - INFO - Extracting general summary from HTML content
[ 2025-07-14 20:57:56,613 ] 81 root - INFO - General summary extracted successfully
[ 2025-07-14 20:57:56,627 ] 156 root - INFO - Data saved to data/summary_20250714_205756.json
[ 2025-07-14 20:57:56,627 ] 24 root - INFO - Generating overall website summary from extracted data.
[ 2025-07-14 20:58:03,286 ] 56 root - INFO - Overall website summary generated successfully
[ 2025-07-14 20:58:03,286 ] 70 root - INFO - Summarizing individual prominent text blocks. Found 4 blocks.
[ 2025-07-14 20:58:03,286 ] 110 root - INFO - Individual prominent text blocks summarized successfully
[ 2025-07-14 20:58:03,287 ] 156 root - INFO - Data saved to data/summary_20250714_205803.json
[ 2025-07-14 20:58:03,287 ] 46 root - INFO - Pipeline completed successfully
[ 2025-07-14 20:58:03,290 ] 76 root - INFO - Successfully processed https://timesofindia.indiatimes.com/sports/cricket/ind-vs-eng-live-score-today-cricket-match-india-vs-england-3rd-test-match-day-5-scorecard-kl-rahul-rishbah-pant-jofra-archer/liveblog/122432486.cms
[ 2025-07-14 20:58:03,290 ] 10 root - INFO - Loading model: facebook/bart-large-cnn
[ 2025-07-14 20:58:12,272 ] 12 root - INFO - Model loaded successfully
[ 2025-07-14 20:58:12,379 ] 17 root - INFO - Starting web scraping pipeline
[ 2025-07-14 20:58:12,379 ] 20 root - INFO - Fetching page: https://timesofindia.indiatimes.com/india/sco-visit-avoid-trade-roadblock-says-eam-jaishankar-is-it-pointed-towards-chinas-curbs-on-critical-minerals-export/articleshow/122443831.cms
[ 2025-07-14 20:58:12,479 ] 23 root - INFO - Page fetched successfully
[ 2025-07-14 20:58:12,480 ] 36 root - INFO - Extracting general summary from HTML content
[ 2025-07-14 20:58:12,513 ] 81 root - INFO - General summary extracted successfully
[ 2025-07-14 20:58:12,514 ] 156 root - INFO - Data saved to data/summary_20250714_205812.json
[ 2025-07-14 20:58:12,514 ] 24 root - INFO - Generating overall website summary from extracted data.
[ 2025-07-14 20:58:19,015 ] 56 root - INFO - Overall website summary generated successfully
[ 2025-07-14 20:58:19,015 ] 70 root - INFO - Summarizing individual prominent text blocks. Found 4 blocks.
[ 2025-07-14 20:58:19,015 ] 110 root - INFO - Individual prominent text blocks summarized successfully
[ 2025-07-14 20:58:19,016 ] 156 root - INFO - Data saved to data/summary_20250714_205819.json
[ 2025-07-14 20:58:19,016 ] 46 root - INFO - Pipeline completed successfully
[ 2025-07-14 20:58:19,016 ] 76 root - INFO - Successfully processed https://timesofindia.indiatimes.com/india/sco-visit-avoid-trade-roadblock-says-eam-jaishankar-is-it-pointed-towards-chinas-curbs-on-critical-minerals-export/articleshow/122443831.cms
[ 2025-07-14 20:58:19,016 ] 10 root - INFO - Loading model: facebook/bart-large-cnn
[ 2025-07-14 20:58:28,183 ] 12 root - INFO - Model loaded successfully
[ 2025-07-14 20:58:28,296 ] 17 root - INFO - Starting web scraping pipeline
[ 2025-07-14 20:58:28,297 ] 20 root - INFO - Fetching page: https://timesofindia.indiatimes.com/sports/off-the-field/only-badminton-all-our-other-choices-are-saina-nehwals-old-remarks-resurface-after-split-with-parupalli-kashyap/articleshow/122448181.cms
[ 2025-07-14 20:58:28,378 ] 23 root - INFO - Page fetched successfully
[ 2025-07-14 20:58:28,379 ] 36 root - INFO - Extracting general summary from HTML content
[ 2025-07-14 20:58:28,412 ] 81 root - INFO - General summary extracted successfully
[ 2025-07-14 20:58:28,413 ] 156 root - INFO - Data saved to data/summary_20250714_205828.json
[ 2025-07-14 20:58:28,413 ] 24 root - INFO - Generating overall website summary from extracted data.
[ 2025-07-14 20:58:35,385 ] 56 root - INFO - Overall website summary generated successfully
[ 2025-07-14 20:58:35,385 ] 70 root - INFO - Summarizing individual prominent text blocks. Found 4 blocks.
[ 2025-07-14 20:58:35,385 ] 110 root - INFO - Individual prominent text blocks summarized successfully
[ 2025-07-14 20:58:35,385 ] 156 root - INFO - Data saved to data/summary_20250714_205835.json
[ 2025-07-14 20:58:35,385 ] 46 root - INFO - Pipeline completed successfully
[ 2025-07-14 20:58:35,385 ] 76 root - INFO - Successfully processed https://timesofindia.indiatimes.com/sports/off-the-field/only-badminton-all-our-other-choices-are-saina-nehwals-old-remarks-resurface-after-split-with-parupalli-kashyap/articleshow/122448181.cms
[ 2025-07-14 20:58:35,385 ] 10 root - INFO - Loading model: facebook/bart-large-cnn
[ 2025-07-14 20:58:43,614 ] 12 root - INFO - Model loaded successfully
[ 2025-07-14 20:58:43,731 ] 17 root - INFO - Starting web scraping pipeline
[ 2025-07-14 20:58:43,731 ] 20 root - INFO - Fetching page: https://timesofindia.indiatimes.com/city/nagpur/citizens-flood-gadkaris-janata-darbar-with-drainage-safety-and-infra-complaints/articleshow/122423458.cms
[ 2025-07-14 20:58:43,859 ] 23 root - INFO - Page fetched successfully
[ 2025-07-14 20:58:43,859 ] 36 root - INFO - Extracting general summary from HTML content
[ 2025-07-14 20:58:43,901 ] 81 root - INFO - General summary extracted successfully
[ 2025-07-14 20:58:43,901 ] 156 root - INFO - Data saved to data/summary_20250714_205843.json
[ 2025-07-14 20:58:43,901 ] 24 root - INFO - Generating overall website summary from extracted data.
[ 2025-07-14 20:58:49,445 ] 56 root - INFO - Overall website summary generated successfully
[ 2025-07-14 20:58:49,445 ] 70 root - INFO - Summarizing individual prominent text blocks. Found 4 blocks.
[ 2025-07-14 20:58:49,445 ] 110 root - INFO - Individual prominent text blocks summarized successfully
[ 2025-07-14 20:58:49,445 ] 156 root - INFO - Data saved to data/summary_20250714_205849.json
[ 2025-07-14 20:58:49,445 ] 46 root - INFO - Pipeline completed successfully
[ 2025-07-14 20:58:49,445 ] 76 root - INFO - Successfully processed https://timesofindia.indiatimes.com/city/nagpur/citizens-flood-gadkaris-janata-darbar-with-drainage-safety-and-infra-complaints/articleshow/122423458.cms
