[ 2025-07-14 13:38:49,726 ] 48 root - INFO - Processing 1 URLs
[ 2025-07-14 13:38:49,726 ] 10 root - INFO - Loading model: facebook/bart-large-cnn
[ 2025-07-14 13:38:57,264 ] 12 root - INFO - Model loaded successfully
[ 2025-07-14 13:38:57,264 ] 17 root - INFO - Starting web scraping pipeline
[ 2025-07-14 13:38:57,264 ] 18 root - INFO - Fetching page: https://timesofindia.indiatimes.com/home/headlines
[ 2025-07-14 13:38:57,577 ] 21 root - INFO - Page fetched successfully
[ 2025-07-14 13:38:57,578 ] 30 root - INFO - Parsing content from generic webpage
[ 2025-07-14 13:38:57,646 ] 40 root - INFO - Extracted 7 content blocks
[ 2025-07-14 13:38:57,961 ] 75 root - INFO - Data saved to data/content_20250714_133857.json
[ 2025-07-14 13:38:57,962 ] 20 root - INFO - Summarizing 7 blocks
[ 2025-07-14 13:39:03,286 ] 33 root - INFO - Summary generated successfully
[ 2025-07-14 13:39:20,636 ] 54 root - INFO - Pipeline completed successfully
[ 2025-07-14 13:39:20,640 ] 87 root - ERROR - Failed to process https://timesofindia.indiatimes.com/home/headlines: 'total_headlines'
[ 2025-07-14 13:40:29,632 ] 48 root - INFO - Processing 1 URLs
[ 2025-07-14 13:40:29,633 ] 10 root - INFO - Loading model: facebook/bart-large-cnn
[ 2025-07-14 13:40:37,782 ] 12 root - INFO - Model loaded successfully
[ 2025-07-14 13:40:37,782 ] 17 root - INFO - Starting web scraping pipeline
[ 2025-07-14 13:40:37,782 ] 18 root - INFO - Fetching page: https://timesofindia.indiatimes.com/india/cm-change-buzz-congress-alleges-bjp-plot-to-topple-karnataka-govt-bjp-counters-with-horse-trading-charge/articleshow/122428873.cms
[ 2025-07-14 13:40:37,924 ] 21 root - INFO - Page fetched successfully
[ 2025-07-14 13:40:37,926 ] 30 root - INFO - Parsing content from generic webpage
[ 2025-07-14 13:40:37,968 ] 40 root - INFO - Extracted 12 content blocks
[ 2025-07-14 13:40:37,968 ] 75 root - INFO - Data saved to data/content_20250714_134037.json
[ 2025-07-14 13:40:37,968 ] 20 root - INFO - Summarizing 12 blocks
[ 2025-07-14 13:40:44,398 ] 33 root - INFO - Summary generated successfully
[ 2025-07-14 13:41:05,215 ] 54 root - INFO - Pipeline completed successfully
[ 2025-07-14 13:41:05,218 ] 87 root - ERROR - Failed to process https://timesofindia.indiatimes.com/india/cm-change-buzz-congress-alleges-bjp-plot-to-topple-karnataka-govt-bjp-counters-with-horse-trading-charge/articleshow/122428873.cms: 'total_headlines'
